{
  "pipeline": {
    "started": 1759967982657,
    "completed": 1759968236177,
    "duration": 253520,
    "status": "FAILED"
  },
  "configuration": {
    "triggerType": "manual",
    "testSuite": "full",
    "parallel": false,
    "timeout": 300000
  },
  "stages": [
    {
      "name": "Pre-Checks",
      "status": "PASSED",
      "duration": 20,
      "details": {
        "checks": "Pre-flight checks completed successfully"
      }
    },
    {
      "name": "Environment Setup",
      "status": "PASSED",
      "duration": 92630,
      "details": {
        "environment": "Test environment ready"
      }
    },
    {
      "name": "Smoke Tests",
      "status": "PASSED",
      "duration": 51042,
      "details": {
        "suite": "Smoke Tests",
        "status": "PASSED",
        "duration": 51041,
        "output": "ðŸ’¨ [2025-10-09T00:01:15.439Z] ðŸ’¨ Starting Automated Smoke Testing Suite\nðŸ’¨ [2025-10-09T00:01:15.447Z] ðŸŽ¯ Quick stability check for build verification\nðŸ’¨ [2025-10-09T00:01:15.447Z] NaN\nðŸ’¨ [2025-10-09T00:01:15.447Z] Smoke Test: Server Startup\nâœ… [2025-10-09T00:01:24.119Z] âœ… SMOKE PASSED: Server Startup (8672ms)\nðŸ’¨ [2025-10-09T00:01:24.119Z] Smoke Test: Frontend Build\nâœ… [2025-10-09T00:01:24.120Z] âœ… SMOKE PASSED: Frontend Build (1ms)\nðŸ’¨ [2025-10-09T00:01:24.121Z] Smoke Test: Database Connectivity\nâœ… [2025-10-09T00:01:32.301Z] âœ… SMOKE PASSED: Database Connectivity (8180ms)\nðŸ’¨ [2025-10-09T00:01:32.301Z] Smoke Test: Critical Endpoints\nâœ… [2025-10-09T00:01:49.642Z] âœ… SMOKE PASSED: Critical Endpoints (17341ms)\nðŸ’¨ [2025-10-09T00:01:49.642Z] Smoke Test: Basic Security\nâœ… [2025-10-09T00:01:58.101Z] âœ… SMOKE PASSED: Basic Security (8459ms)\nðŸ’¨ [2025-10-09T00:01:58.102Z] Smoke Test: Environment Configuration\nâœ… [2025-10-09T00:02:06.346Z] âœ… SMOKE PASSED: Environment Configuration (8244ms)\nðŸ’¨ [2025-10-09T00:02:06.348Z] NaN\nðŸ’¨ [2025-10-09T00:02:06.348Z] ðŸ’¨ SMOKE TESTING COMPLETE\nâœ… [2025-10-09T00:02:06.348Z] Build Status: BUILD_STABLE\nðŸ’¨ [2025-10-09T00:02:06.348Z] Tests: 6/6 passed\nðŸ’¨ [2025-10-09T00:02:06.348Z] Success Rate: 100.00%\nðŸ’¨ [2025-10-09T00:02:06.348Z] Duration: 50.91s\nâœ… [2025-10-09T00:02:06.348Z] ðŸŽ‰ Build is stable - Ready for further testing!\n"
      }
    },
    {
      "name": "Sanity Tests",
      "status": "FAILED",
      "duration": 109819,
      "error": "Sanity Tests failed with exit code 1"
    }
  ],
  "summary": {
    "totalStages": 4,
    "passedStages": 3,
    "failedStages": 1,
    "successRate": "75.00"
  },
  "recommendations": [
    {
      "type": "CRITICAL",
      "message": "1 stage(s) failed. Review and fix before deployment.",
      "stages": [
        "Sanity Tests"
      ]
    }
  ],
  "timestamp": "2025-10-09T00:03:56.178Z"
}